{
  "RSpec": {
    "coverage": {
      "/Users/claudia/Turing/4module/projects/IdeaBox/app/helpers/application_helper.rb": [
        1,
        null
      ],
      "/Users/claudia/Turing/4module/projects/IdeaBox/app/controllers/api/v1/ideas_controller.rb": [
        1,
        1,
        10,
        null,
        null,
        1,
        2,
        null,
        null,
        1,
        10,
        7,
        null,
        3,
        null,
        null,
        null,
        1,
        2,
        2,
        null,
        null,
        null,
        1,
        null,
        1,
        22,
        null,
        null,
        null
      ],
      "/Users/claudia/Turing/4module/projects/IdeaBox/app/controllers/api/v1/api_controller.rb": [
        1,
        1,
        1,
        null
      ],
      "/Users/claudia/Turing/4module/projects/IdeaBox/app/controllers/application_controller.rb": [
        1,
        null,
        null,
        1,
        null
      ],
      "/Users/claudia/Turing/4module/projects/IdeaBox/app/models/idea.rb": [
        1,
        1,
        1,
        null,
        55,
        1,
        null,
        null
      ],
      "/Users/claudia/Turing/4module/projects/IdeaBox/app/controllers/ideas_controller.rb": [
        1,
        1,
        null,
        null
      ]
    },
    "timestamp": 1467237336
  }
}
